# 0.0 0.0
364214.382 1371300.2928 38.4873 
364235.4276 1371255.818 38.4499 
364048.4176 1371300.048 38.6338 
364124.5652 1371235.9496 38.5508 
364157.6528 1371127.5568 38.4441 
364052.6116 1371258.1184 38.6245 
364158.8012 1371248.2868000001 38.5030 
363548.5988 1371649.4256 39.5683 
363914.3856 1370704.5156 38.5518 
364312.81 1370838.8752000001 38.2258 
364124.234 1371251.3936 38.5642 
364127.222 1371237.026 38.5472 
364127.5856 1371237.0476 38.5466 
364523.74199999997 1365957.0516 37.9418 
364456.2524 1370104.3464 37.9662 
364430.4512 1370059.13 37.9864 
364611.2476 1372132.1804 38.6561 
364331.2024 1370548.858 38.1208 
363934.56 1371852.5888 39.2213 
364137.76999999996 1371415.7704 38.6162 
364016.9968 1371242.5592 38.6751 
364125.278 1371239.7224 38.5527 
364144.55960000004 1370849.4448 38.3616 
