# 0.0 0.0
364243.8984 1370557.282 38.1871 
364218.66240000003 1371141.2332 38.4208 
364148.1452 1371215.4224 38.4946 
364105.6472 1371223.3532 38.5718 
364112.9156 1371309.7752 38.5989 
364140.5852 1371323.0232 38.5622 
364229.8764 1371156.6304 38.4138 
364207.7904 1371102.958 38.4114 
364228.8792 1371316.0212 38.4760 
364309.5736 1371314.322 38.4090 
364124.3888 1371408.0196 38.6327 
364207.0848 1371506.5124000001 38.6120 
364239.6684 1371546.9008 38.5971 
364111.6952 1371604.908 38.7797 
364515.0624 1371349.0152 38.2317 
364347.27280000004 1371604.602 38.4973 
364529.7648 1371643.5972 38.3534 
364447.4684 1371451.0108 38.3265 
364349.0512 1371431.0992 38.4083 
364248.348 1371448.8112 38.5236 
364109.9888 1371104.4412 38.5041 
364037.2936 1371314.4264 38.6667 
363949.4028 1371349.7244 38.7902 
364020.9964 1371213.392 38.6417 
364042.294 1371423.5176000001 38.7251 
364018.50159999996 1371512.4128 38.8226 
363914.1048 1371320.1288 38.8265 
363913.9068 1371501.9187999999 38.9376 
364447.16599999997 1371346.9164 38.2775 
363745.2172 1371316.0320000001 38.9996 
363721.0216 1371509.9216 39.1892 
363804.2108 1371141.1396 38.8668 
364517.0568 1371143.8252 38.1450 
364427.0636 1371146.1256 38.2271 
364442.8604 1371229.0232 38.2301 
364456.5584 1371127.7296 38.1696 
364251.2712 1371008.0436 38.3097 
364312.27 1371120.634 38.3250 
364347.5644 1370911.1492 38.1946 
364227.4752 1370754.2604 38.2671 
364129.6808 1370828.356 38.3733 
364057.9828 1370712.2663999998 38.3828 
364508.8704 1371824.39 38.5055 
364507.668 1371759.5896 38.4759 
364423.0748 1371928.5851999999 38.6772 
364315.8808 1371734.098 38.6523 
364335.382 1371850.49 38.7172 
363440.836 1371223.4396 39.3626 
363615.0264 1371214.7384 39.1243 
363507.134 1371328.1352 39.3733 
363634.6248 1371803.3048 39.5705 
363708.2236 1371644.2128 39.3550 
363611.5272 1371524.3216 39.3744 
363427.5484 1372303.3792 40.5220 
363431.6596 1370816.116 39.1811 
363601.1808 1370946.9836 39.0199 
363640.392 1370814.0064 38.8785 
363418.066 1370929.0556 39.2605 
363937.7172 1370933.2712 38.5955 
364006.9348 1371032.5056 38.5853 
364039.1152 1370906.03 38.4751 
363747.4168 1371017.9183999998 38.8283 
363922.4028 1370740.4328 38.5559 
363747.8812 1370540.3908 38.6710 
363814.91359999997 1370807.1484 38.6898 
363509.3084 1370448.8964 39.0164 
363209.1752 1371358.3355999999 39.8933 
364534.9704 1371537.8288 38.2833 
364450.1468 1365935.9016 37.9608 
364516.7436 1370056.4912 37.9512 
364435.3472 1370012.0996 37.9750 
364435.9484 1370121.1908 37.9855 
364501.8468 1370035.7948 37.9585 
364501.9476 1370056.7936 37.9610 
364408.6532 1370108.094 38.0058 
364503.9456 1370003.2976 37.9534 
364631.2348 1370027.1872 37.9092 
364743.3284 1370315.2748 37.8470 
364719.032 1370247.8788 37.8696 
364558.24079999997 1370233.0828 37.9267 
364325.8528 1365909.0132 38.0157 
364248.1608 1370035.604 38.0701 
364438.2488 1370204.3908 37.9907 
364623.0412 1370441.6712 37.9106 
364915.2148 1370126.8788 37.8039 
364404.9488 1365756.3184 37.9808 
364310.0524 1365731.2228 38.0094 
364059.4696 1365918.2184 38.1550 
364059.3688 1365810.0236 38.1267 
364059.2788 1370133.9996 38.2196 
364423.4492 1365946.104 37.9801 
364250.1732 1365553.5116 38.0109 
364813.4892 1372352.6487999998 38.6413 
364859.0544 1372433.0444 38.6220 
364937.1136 1372521.9792 38.6361 
364954.9516 1372421.7404 38.4764 
365058.7472 1372506.7368 38.4257 
365102.0952 1365854.8904 37.7993 
365143.8876 1365853.5908 37.7998 
364911.91359999997 1370016.2828 37.8206 
365020.4 1365927.6864 37.7996 
364834.1136 1365747.1024 37.8684 
364957.4032 1365732.3028 37.8321 
365200.6816 1365634.0044 37.8440 
365305.27640000003 1365916.6848 37.8024 
365511.6256 1370130.3348 37.7417 
364555.76759999996 1372026.3760000002 38.5816 
364534.5708 1372002.2776 38.5881 
364630.468 1372229.3628 38.7137 
364531.6728 1372232.0664 38.8495 
364443.47959999996 1372344.6639999999 39.1188 
364409.3804 1372206.3732 38.9790 
364503.3732 1372058.0776 38.7361 
365337.626 1372457.9383999999 38.0832 
365110.1448 1372626.6316 38.5611 
365202.5392 1372521.0359999998 38.3171 
365357.0228 1372533.2327999999 38.1024 
365257.43200000003 1372645.2256 38.3561 
365200.75 1372656.2056 38.5043 
365247.4348 1372819.9164 38.5663 
365222.9404 1372942.7056 38.8101 
365201.5708 1373117.058 39.0958 
363753.652 1365656.616 38.3255 
363658.2048 1365903.624 38.5177 
363900.1872 1365845.8256 38.2942 
363644.9028 1365704.1364 38.4422 
363909.2844 1365637.536 38.2089 
363808.0016 1370037.9152 38.4567 
363736.0948 1365539.6444 38.2976 
363423.3724 1365922.686 38.8892 
364027.9696 1365125.2612 38.0213 
364017.97239999997 1365351.8496 38.0662 
364109.2652 1365232.556 38.0241 
363739.4248 1365053.8403999999 38.1243 
363732.79360000003 1365336.654 38.2202 
363040.4208 1365350.1432 39.0250 
362407.6752 1365526.0616 39.9704 
362721.1932 1370148.5616000001 40.0175 
363358.5288 1365747.4372 38.8284 
363543.512 1365456.4516 38.4382 
363158.0332 1365124.9804 38.7137 
363342.42240000004 1365142.6708 38.5156 
363321.8268 1365315.162 38.6210 
364631.6416 1370523.766 37.9052 
364637.5384 1370454.0696 37.8971 
364450.4492 1370520.67 38.0160 
364518.2484 1370706.1608 38.0138 
364620.62919999997 1370736.732 37.9400 
364529.5524 1370919.4436 38.0500 
364534.542 1370351.1776 37.9536 
364331.2636 1370617.4672 38.1323 
364115.37799999997 1370431.4796 38.2808 
364229.8692 1370622.068 38.2187 
364234.2504 1370519.9932 38.1862 
364201.872 1370540.1748 38.2402 
364328.1604 1370313.1868 38.0759 
364426.2572 1370848.8508000001 38.1278 
364359.5884 1370354.0432 38.0511 
364211.592 1371821.996 38.8386 
364243.59239999996 1371951.5856 38.9118 
364201.8972 1372147.5776 39.2183 
364245.6948 1372238.8704 39.2296 
364300.5916 1372114.3784 39.0221 
364137.30199999997 1372251.2724 39.4178 
364054.7032 1372151.2784 39.3814 
364013.008 1372527.6492 40.0374 
364112.5988 1371856.2932 39.0123 
363922.0104 1371855.098 39.2535 
364004.8072 1371953.1912 39.2592 
364055.398 1371735.0052 38.9272 
363938.3508 1372100.396 39.4504 
363748.72000000003 1371921.0972 39.5202 
363611.1312 1371923.0988 39.7793 
363439.9936 1372305.3987999998 40.4942 
365358.2288 1373103.7884 38.7319 
365528.0956 1372731.5504 38.1126 
365545.606 1372912.2964 38.2469 
365609.6036 1373018.2844 38.3074 
365329.0364 1373252.17 39.0757 
365636.996 1373105.9664 38.3270 
365721.006 1373343.2432000001 38.5241 
365508.9256 1373332.8608 38.8868 
