363606.03000 1371549.06080 147.700 39.426 -3765422.175 3479059.897 3782109.916 
364218.57960 1371141.23320 9.500 38.421 -3756127.586 3478847.130 3791240.121 
364147.70240 1371213.56480 7.700 38.494 -3757089.227 3478643.846 3790475.956 
364029.09640 1371321.92520 17.400 38.688 -3759310.285 3478387.013 3788538.732 
364128.38840 1371433.11520 13.600 38.650 -3759706.650 3476345.975 3790002.184 
364212.48120 1371120.83560 9.700 38.416 -3755866.084 3479295.020 3791089.522 
364057.88920 1371223.52960 11.100 38.585 -3757932.563 3479087.512 3789246.727 
364452.46880 1371458.61040 5.700 38.324 -3757369.437 3473323.525 3795039.922 
364139.58800 1371513.21200 17.200 38.669 -3760233.004 3475476.994 3790281.175 
364433.56520 1371357.91440 6.400 38.308 -3756603.536 3474666.120 3794573.394 
364006.80160 1371425.91880 28.600 38.795 -3760697.286 3477505.339 3787994.259 
364206.68160 1371332.62080 7.700 38.526 -3758165.601 3476966.172 3790945.057 
364045.09480 1371342.22200 15.300 38.678 -3759435.072 3477815.891 3788932.995 
363700.72120 1371507.42320 78.800 39.231 -3763940.759 3479099.848 3783422.020 
364242.77520 1370952.94520 7.600 38.313 -3753972.581 3480514.389 3791836.858 
364504.56840 1371825.48800 2.200 38.515 -3760685.216 3469400.129 3795336.797 
364320.78400 1371845.79200 7.600 38.738 -3762436.651 3470330.396 3792776.307 
364456.35680 1371107.63080 3.400 38.158 -3753423.532 3477478.849 3795134.480 
363803.31440 1371243.23240 32.500 38.929 -3760635.550 3480922.878 3784942.721 
364130.39360 1371624.40560 21.800 38.766 -3761559.536 3474296.380 3790056.718 
363526.32920 1371250.53680 84.900 39.280 -3762907.969 3482778.861 3781089.846 
363637.62720 1371730.90840 140.100 39.509 -3766708.347 3476802.179 3782887.328 
363507.90440 1370756.60760 105.200 39.080 -3758201.109 3488378.787 3780645.791 
363620.55240 1370949.44600 50.500 38.981 -3759097.625 3485384.692 3782411.068 
363921.15720 1370953.13600 16.400 38.638 -3756703.843 3483040.231 3786858.212 
363839.28200 1370721.10080 29.800 38.621 -3754708.038 3486339.903 3785830.575 
363503.99480 1370450.65680 128.800 39.031 -3755121.207 3491827.235 3780563.057 
363208.15640 1371359.43720 134.700 39.898 -3766772.386 3484020.186 3776213.293 
364535.10360 1371537.22760 5.000 38.283 -3757441.629 3472085.879 3796092.483 
364433.15120 1370127.19200 9.100 37.989 -3743939.252 3488322.133 3794564.591 
364514.74560 1365941.60040 9.200 37.947 -3741592.043 3489715.079 3795592.008 
364411.45040 1370000.70200 7.600 37.990 -3742767.990 3490163.800 3794027.624 
364518.34560 1370128.08840 7.200 37.953 -3743343.420 3487736.592 3795679.728 
364415.05040 1370114.69280 10.100 38.002 -3743972.642 3488777.099 3794118.059 
364740.13160 1370255.57920 20.600 37.853 -3742915.067 3484372.827 3799188.618 
364623.23920 1370407.67640 1.800 37.909 -3745160.959 3484020.836 3797279.017 
364342.85200 1365754.72000 11.500 37.993 -3741023.252 3492811.102 3793323.434 
364031.97280 1365856.22240 32.300 38.179 -3744647.987 3494106.072 3788618.441 
364102.07600 1370049.30560 25.300 38.194 -3746153.461 3491670.812 3789358.477 
364220.49120 1365458.32360 17.500 38.021 -3739146.980 3497049.244 3791291.906 
364850.45400 1372407.74720 9.900 38.589 -3763372.252 3460337.321 3800918.365 
364952.95000 1372445.93960 21.800 38.529 -3763169.781 3458865.477 3802467.638 
365059.19360 1365849.79280 25.500 37.801 -3736074.377 3486323.955 3804103.698 
365218.18120 1365816.79160 5.100 37.818 -3734436.867 3485913.842 3806039.643 
364829.51280 1365724.60600 7.700 37.875 -3736645.235 3489744.787 3800399.789 
364947.60760 1370019.38240 5.400 37.799 -3738544.272 3485592.196 3802325.552 
364517.57160 1372023.77680 6.200 38.655 -3762500.289 3467082.595 3795660.434 
364550.97240 1372207.76640 33.400 38.763 -3763810.513 3464782.760 3796501.660 
365310.23000 1372540.73520 3.800 38.212 -3761391.280 3455387.836 3807322.541 
365222.02960 1372742.75000 38.100 38.552 -3764112.096 3453783.808 3806154.789 
363804.74360 1365656.61600 53.400 38.309 -3744613.596 3498138.106 3784990.175 
363818.09600 1365847.82360 54.300 38.363 -3746320.059 3495951.641 3785321.025 
363756.30160 1370053.61120 58.200 38.490 -3748746.947 3493941.887 3784784.321 
363452.51080 1365919.41720 96.500 38.811 -3749644.038 3497979.165 3780259.413 
364041.86560 1365150.76000 45.300 38.023 -3737307.330 3501705.220 3788870.691 
363952.97400 1365343.05120 31.600 38.080 -3739862.289 3500277.686 3787653.721 
363707.71600 1365354.87720 47.400 38.263 -3742292.163 3502149.406 3783575.776 
363721.59040 1365114.36760 87.900 38.156 -3739403.267 3504908.196 3783943.134 
363021.84840 1365341.96400 164.600 39.064 -3747583.438 3507541.255 3773597.059 
362554.07320 1365639.03360 368.000 39.860 -3754298.096 3507784.512 3767080.410 
362721.08520 1370148.57600 638.000 40.018 -3758551.136 3501208.537 3769398.649 
363402.82720 1365820.53200 110.400 38.860 -3749320.581 3499679.830 3779037.779 
363525.38960 1365531.55160 62.300 38.499 -3745315.951 3501687.870 3781052.653 
363331.33440 1365150.26680 87.200 38.541 -3743100.494 3507149.986 3778244.036 
363325.62480 1365253.36400 79.900 38.596 -3744245.442 3506072.469 3778098.347 
364637.80120 1370533.32400 1.300 37.899 -3746410.172 3482282.187 3797638.269 
364516.31520 1370502.88240 1.000 37.983 -3746997.155 3483858.704 3795625.890 
364604.04400 1370810.15080 1.200 37.974 -3749513.317 3479856.469 3796804.710 
364303.56520 1370545.07080 6.200 38.155 -3749505.679 3484761.456 3792349.662 
364158.07400 1370546.97160 24.200 38.249 -3750432.355 3485558.287 3790742.014 
364340.75680 1370321.68640 7.900 38.064 -3746581.479 3486900.916 3793269.558 
364204.09320 1371822.89600 11.600 38.855 -3763092.532 3471708.521 3790883.613 
364142.60120 1372143.67880 38.700 39.254 -3766777.663 3468326.911 3790368.850 
363909.71280 1372104.48560 113.100 39.528 -3768232.996 3470990.233 3786633.451 
365618.50280 1373024.18120 21.600 38.297 -3763576.367 3447870.745 3811973.798 
365542.60720 1372930.99480 26.600 38.287 -3763180.296 3449293.062 3811092.289 
365635.53800 1373353.64720 34.000 38.686 -3766850.418 3443840.920 3812401.211 
