364106.49320 1371419.21560 17.000 38.676 -3759770.457 3476874.971 3789463.000 
364204.78080 1371310.32240 6.800 38.511 -3757814.863 3477395.717 3790897.533 
364222.23360 1371556.08080 12.700 38.638 -3760375.521 3474159.817 3791332.467 
364455.56840 1371510.71000 5.400 38.329 -3757531.024 3473064.147 3795116.306 
364318.66720 1370825.05480 1.900 38.210 -3752000.892 3481660.556 3792720.280 
363608.20440 1371538.46960 117.200 39.404 -3765196.180 3479209.486 3782145.527 
364527.84240 1365957.09840 5.400 37.939 -3741675.321 3489267.092 3795913.190 
364511.53440 1370236.50640 5.600 37.966 -3744591.116 3486579.482 3795510.555 
364512.64320 1370202.18760 6.800 37.961 -3743996.694 3487189.180 3795538.655 
364924.45240 1372527.23880 44.000 38.676 -3764263.183 3458480.290 3801777.855 
363524.03240 1371444.12760 172.300 39.438 -3764907.988 3480782.461 3781085.192 
363505.56080 1370752.74120 109.800 39.083 -3758169.987 3488481.042 3780590.526 
363931.15440 1370953.30880 14.600 38.620 -3756570.773 3482911.002 3787104.348 
364019.09560 1371303.22680 18.000 38.690 -3759130.434 3478853.176 3788291.833 
364145.18240 1371213.92840 7.700 38.498 -3757129.423 3478668.763 3790413.673 
364431.86600 1371404.21440 6.200 38.316 -3756732.552 3474572.551 3794531.305 
364155.38120 1371135.93400 7.500 38.454 -3756350.604 3479232.977 3790665.602 
364134.98360 1371118.03840 9.100 38.474 -3756325.319 3479815.094 3790162.410 
364030.19440 1371314.12400 17.200 38.679 -3759163.765 3478515.349 3788565.753 
364427.66840 1371524.00840 5.500 38.389 -3758132.895 3473171.186 3794427.241 
363856.00760 1371413.12440 43.800 38.919 -3761447.161 3478631.593 3786252.773 
364421.37200 1371759.09280 5.300 38.561 -3760828.516 3470423.297 3794271.686 
364300.67080 1370940.84560 4.100 38.279 -3753524.503 3480508.431 3792276.960 
364204.62240 1371224.18840 6.500 38.475 -3757038.945 3478237.917 3790893.417 
364505.74560 1370145.28920 10.300 37.964 -3743806.137 3487584.532 3795370.390 
364503.64680 1370005.09760 8.600 37.954 -3742138.937 3489428.113 3795317.528 
364500.74520 1370134.78800 13.200 37.966 -3743697.757 3487839.584 3795248.620 
364528.04400 1365935.70000 8.700 37.939 -3741312.529 3489654.510 3795920.144 
364806.02640 1370255.67640 22.800 37.834 -3742568.017 3484046.457 3799829.118 
364107.46880 1365842.82320 26.100 38.132 -3743939.476 3493899.957 3789492.229 
364434.23120 1370051.42240 12.500 37.982 -3743321.685 3488959.614 3794593.299 
364211.36160 1365538.23680 18.200 38.026 -3739946.890 3496440.895 3791066.699 
365054.24720 1372547.73360 13.500 38.516 -3763366.573 3456966.994 3803974.913 
364948.45000 1372443.94160 23.400 38.535 -3763198.445 3458959.072 3802357.568 
365112.14640 1372515.83760 6.000 38.414 -3762583.807 3457320.889 3804411.880 
365112.49200 1365848.19080 44.600 37.802 -3735878.719 3486195.659 3804443.189 
364531.37040 1371953.07960 2.900 38.581 -3761795.109 3467468.156 3795999.208 
365213.33920 1372656.92560 18.900 38.477 -3763451.757 3454718.244 3805928.910 
363810.29840 1365741.52600 54.500 38.331 -3745301.134 3497253.589 3785128.249 
363750.69280 1365556.24040 50.600 38.288 -3743776.646 3499408.971 3784640.919 
364029.86680 1365141.36040 43.900 38.024 -3737308.142 3502025.821 3788573.210 
363931.37760 1365431.64760 34.500 38.120 -3740978.859 3499669.636 3787121.450 
363707.19760 1365405.45400 47.300 38.271 -3742478.646 3501963.967 3783562.895 
363524.11520 1365542.24720 64.200 38.511 -3745515.749 3501510.697 3781022.252 
362552.68720 1365713.95000 278.000 39.897 -3754857.484 3507116.848 3766992.610 
363328.02240 1365149.37040 88.900 38.547 -3743130.628 3507208.769 3778163.045 
364330.36000 1370509.67200 5.000 38.108 -3748545.145 3485067.932 3793010.978 
364330.15840 1370349.08240 7.600 38.084 -3747187.442 3486536.195 3793007.537 
364651.23640 1370430.57240 1.000 37.883 -3745168.830 3483252.742 3797969.797 
364222.89600 1372211.97480 48.300 39.222 -3766712.896 3467312.579 3791370.465 
363955.90440 1371832.69880 63.100 39.141 -3765023.149 3473158.431 3787745.624 
365601.40640 1373020.08440 27.900 38.330 -3763745.139 3448162.857 3811556.344 
365707.62840 1373349.76280 21.000 38.580 -3766338.980 3443503.554 3813183.932 
363902.90880 1371437.92120 47.800 38.933 -3761774.454 3478095.351 3786425.846 
364528.95120 1370933.44040 2.200 38.057 -3751393.550 3478782.964 3795938.729 
