365508.76620 1373332.75000 64.700 38.887 -3767705.829 3445323.817 3810281.551 
365638.75790 1373308.30600 23.600 38.566 -3766043.076 3444622.929 3812474.220 
365720.87680 1373343.18700 13.400 38.524 -3766043.484 3443453.818 3813505.698 
365528.19820 1372731.68500 10.900 38.113 -3761371.763 3451641.073 3810727.666 
365609.60300 1373018.34700 25.600 38.308 -3763602.771 3448090.736 3811756.918 
365636.95890 1373105.86300 19.600 38.327 -3764019.697 3446878.145 3812427.349 
365545.47420 1372912.10000 23.400 38.247 -3762823.257 3449600.138 3811160.993 
365358.20650 1373103.72100 71.100 38.732 -3766182.608 3448930.726 3808546.074 
365329.03780 1373252.10100 121.700 39.076 -3768422.670 3447343.217 3807857.547 
364112.47310 1371856.15100 24.200 39.012 -3764358.679 3471753.329 3789615.325 
363921.96440 1371855.10700 83.400 39.254 -3765871.680 3473183.997 3786918.541 
363611.15940 1371923.17700 199.900 39.779 -3768993.338 3475113.962 3782268.189 
364055.55420 1371735.18200 31.700 38.927 -3763228.879 3473446.111 3789201.513 
363938.15550 1372101.06600 92.400 39.452 -3767778.190 3470686.767 3787324.421 
363750.51700 1372030.13900 168.900 39.655 -3768759.449 3472635.360 3784707.970 
364004.79740 1371953.06000 62.600 39.259 -3766255.419 3471580.148 3787965.285 
363748.71800 1371920.98000 139.800 39.520 -3767601.967 3473905.327 3784646.023 
364012.84480 1372527.75900 294.000 40.038 -3771911.719 3465489.969 3788302.919 
364054.84010 1372151.10800 46.700 39.381 -3767554.500 3468791.460 3789193.092 
364137.31600 1372251.25900 79.400 39.418 -3768009.567 3467180.692 3790262.632 
364245.71960 1372239.00900 54.700 39.230 -3766861.628 3466537.554 3791938.323 
364243.56350 1371951.57700 12.200 38.912 -3764050.459 3469597.763 3791859.446 
364201.80180 1372147.53800 41.300 39.218 -3766583.861 3468018.248 3790844.948 
364300.48250 1372114.41400 20.600 39.022 -3765219.241 3467879.214 3792282.616 
364211.52470 1371821.98400 11.400 38.839 -3762976.426 3471632.205 3791067.151 
364622.71330 1370735.05400 3.900 37.937 -3748670.244 3480261.472 3797267.305 
364631.80450 1370523.65700 1.500 37.905 -3746328.143 3482533.229 3797490.327 
364518.36090 1370706.21500 1.000 38.014 -3749051.968 3481591.966 3795676.433 
364529.52580 1370919.42400 1.800 38.050 -3751149.135 3479030.446 3795952.676 
364534.56570 1370351.09700 2.900 37.954 -3745539.074 3484934.234 3796077.746 
364201.80180 1370540.19200 21.300 38.240 -3750265.778 3485633.216 3790832.410 
364328.19550 1370313.30400 8.300 38.076 -3746609.507 3487211.154 3792959.452 
364358.43540 1370355.82200 5.600 38.053 -3746918.521 3486057.570 3793704.938 
364234.19770 1370520.03200 7.400 38.186 -3749479.727 3485585.736 3791624.696 
364637.55860 1370454.10400 1.500 37.897 -3745751.364 3482997.638 3797632.397 
364331.43650 1370617.65500 3.600 38.132 -3749678.243 3483817.999 3793036.752 
364450.27710 1370520.74600 2.100 38.016 -3747651.272 3483861.787 3794983.448 
364115.35710 1370431.41700 14.200 38.281 -3749725.646 3487462.245 3789680.205 
364229.88560 1370621.94000 6.500 38.219 -3750583.417 3484513.823 3791517.614 
364426.16210 1370848.82700 1.700 38.128 -3751489.752 3480381.667 3794387.602 
362721.23380 1370148.71000 637.000 40.018 -3758550.830 3501203.691 3769401.739 
362557.79270 1365704.05400 270.000 39.876 -3754616.202 3507228.786 3767114.469 
363543.44640 1365456.50300 54.800 38.438 -3744474.119 3502093.429 3781495.044 
363158.07560 1365124.85100 109.000 38.714 -3743930.213 3508793.825 3775947.604 
363321.95620 1365314.98900 79.100 38.621 -3744661.718 3505725.507 3778007.046 
363342.47310 1365142.81400 87.700 38.516 -3742824.804 3507145.645 3778520.112 
363040.31980 1365350.25500 151.500 39.025 -3747469.377 3507151.924 3774046.900 
362254.84280 1365218.84900 331.000 39.891 -3752241.840 3514738.810 3762611.864 
363358.67800 1365747.50500 97.700 38.828 -3748808.387 3500325.149 3778927.469 
363229.40030 1365541.87600 113.400 38.888 -3747882.335 3503735.748 3776726.158 
364027.84120 1365125.18100 47.300 38.021 -3737062.631 3502346.330 3788525.159 
364018.11830 1365351.73800 28.200 38.066 -3739669.743 3499802.028 3788273.389 
364109.24590 1365232.52700 25.700 38.024 -3737636.850 3500592.968 3789535.856 
363739.36580 1365053.87000 66.900 38.124 -3738804.154 3505044.669 3784370.339 
363732.88390 1365336.57700 43.900 38.220 -3741641.470 3502163.213 3784196.320 
363909.35760 1365637.68700 41.800 38.209 -3743417.086 3497663.741 3786581.316 
363644.99730 1365703.94400 67.400 38.442 -3745817.816 3499013.856 3783025.699 
363900.36250 1365845.84200 47.200 38.294 -3745713.739 3495453.164 3786362.133 
363736.12490 1365539.73400 50.700 38.298 -3743692.374 3499891.587 3784280.602 
363658.31820 1365903.47500 70.800 38.517 -3747667.846 3496677.385 3783357.367 
363808.16380 1370037.79300 55.400 38.456 -3748317.725 3494079.037 3785076.059 
363423.52080 1365922.53700 106.400 38.889 -3750092.201 3498291.166 3779547.722 
363753.75790 1365656.74800 55.500 38.325 -3744764.733 3498274.807 3784719.688 
364955.20260 1372913.91200 71.400 39.147 -3767659.191 3453972.606 3802553.321 
365110.07450 1372626.53600 10.300 38.561 -3763799.439 3456059.355 3804363.440 
365257.35600 1372645.26700 19.100 38.356 -3762656.711 3454380.327 3807014.380 
365357.12160 1372533.25200 4.400 38.102 -3760627.178 3454937.478 3808478.904 
365152.19330 1372717.62200 35.200 38.570 -3764096.179 3454613.919 3805417.241 
365202.64400 1372521.00200 2.400 38.317 -3761980.579 3456592.887 3805655.153 
365337.67580 1372457.98600 1.900 38.083 -3760299.919 3455822.564 3807997.997 
365222.80400 1372942.69700 69.900 38.810 -3766128.248 3451601.969 3806193.122 
365203.00110 1372654.93500 17.000 38.497 -3763558.167 3454882.852 3805672.827 
365247.27600 1372819.91500 43.200 38.567 -3764393.178 3452792.608 3806780.420 
365201.55910 1373117.01400 102.200 39.096 -3768015.179 3450162.472 3805688.740 
364531.68180 1372232.14200 46.800 38.850 -3764489.761 3464586.267 3796033.331 
364409.24320 1372206.21500 22.300 38.979 -3765158.474 3466075.946 3793982.481 
364630.36250 1372229.28600 34.900 38.714 -3763638.013 3463898.628 3797475.202 
364443.43810 1372344.54200 107.400 39.119 -3766396.492 3463900.086 3794878.177 
364534.56570 1372002.39900 2.700 38.588 -3761908.314 3467258.134 3796078.006 
364503.24100 1372058.20900 11.900 38.737 -3763276.826 3466636.695 3795309.948 
364555.79680 1372026.51400 4.100 38.582 -3762026.421 3466553.620 3796603.152 
365211.28200 1365442.82500 37.700 37.859 -3730931.047 3489890.856 3805889.086 
364749.32680 1365635.65400 32.200 37.907 -3736373.518 3491151.557 3799422.582 
365143.92610 1365853.75200 2.500 37.800 -3735523.115 3485675.408 3805193.264 
365102.16430 1365854.85100 5.700 37.799 -3736108.130 3486184.056 3804165.103 
365053.52630 1365419.80800 16.700 37.862 -3731579.247 3491278.004 3803958.656 
365200.84500 1365634.06100 8.300 37.844 -3732936.410 3487994.030 3805614.042 
365616.44200 1370131.46100 13.600 37.753 -3734503.135 3479385.879 3811917.887 
364957.35870 1365732.39900 2.400 37.832 -3735587.825 3488493.017 3802564.368 
364834.20590 1365747.17500 6.600 37.868 -3736963.049 3489276.151 3800514.955 
365020.40250 1365927.59000 4.400 37.800 -3737225.162 3486116.868 3803134.088 
364911.99890 1370016.20500 9.300 37.821 -3738974.084 3486100.592 3801449.234 
364951.60460 1365325.09600 21.400 37.879 -3731491.339 3493052.410 3802433.812 
365305.27980 1365916.82400 6.300 37.802 -3734814.852 3484233.088 3807201.742 
365457.24430 1370034.93700 9.800 37.782 -3734620.230 3481407.254 3809963.939 
364859.03500 1372433.10200 18.900 38.622 -3763686.208 3459772.308 3801135.547 
364732.99840 1372815.57500 157.000 39.392 -3768668.523 3456860.068 3799095.145 
364954.84560 1372421.62100 12.500 38.476 -3762730.657 3459280.356 3802508.802 
364639.00050 1372647.02500 183.500 39.297 -3767933.989 3459166.054 3797777.802 
364847.52690 1372351.02400 4.200 38.563 -3763128.112 3460675.926 3800842.695 
364911.28480 1372400.74700 9.300 38.529 -3762971.167 3460204.216 3801432.037 
364954.47480 1372750.41600 67.300 38.935 -3766268.082 3455504.231 3802532.779 
364823.04110 1372539.02000 87.600 38.849 -3765321.926 3459056.444 3800288.512 
364711.75350 1372433.48600 55.900 38.875 -3765173.113 3461126.214 3798509.809 
364610.20260 1372540.06300 52.400 39.193 -3767124.783 3460677.535 3796988.166 
364814.04600 1372349.92600 7.200 38.635 -3763566.661 3461116.206 3800018.199 
365058.92330 1372506.61000 7.100 38.425 -3762609.796 3457655.230 3804086.370 
364938.64070 1372522.10100 38.100 38.633 -3763980.490 3458393.464 3802124.399 
364435.88500 1370121.35400 9.500 37.986 -3743803.868 3488393.947 3794632.358 
364408.51530 1370108.06000 10.500 38.006 -3743948.841 3488979.860 3793956.859 
364718.96330 1370247.76100 20.700 37.870 -3743069.099 3484781.058 3798666.121 
364059.52300 1365810.19200 26.400 38.127 -3743493.828 3494592.219 3789295.982 
364059.52300 1365918.25200 27.600 38.155 -3744647.435 3493357.482 3789296.715 
364518.91020 1365803.76500 9.000 37.946 -3739880.112 3491436.863 3795694.746 
364516.91890 1370056.52500 7.200 37.951 -3742828.921 3488327.313 3795644.491 
364540.31980 1365523.14500 42.300 37.976 -3736891.184 3494096.568 3796243.443 
364503.95510 1370003.24100 8.600 37.953 -3742103.369 3489457.917 3795325.143 
364433.00110 1365631.20500 13.700 37.974 -3738934.414 3493695.436 3794563.626 
364310.20540 1365731.30000 16.100 38.009 -3741069.154 3493649.094 3792519.570 
364501.79900 1370035.65100 5.400 37.959 -3742678.831 3488895.256 3795269.977 
364450.27710 1365935.88500 9.700 37.961 -3741825.673 3490126.861 3794987.962 
364059.16600 1370133.93300 24.500 38.220 -3746947.584 3490896.319 3789286.077 
364438.39810 1370204.58500 8.400 37.991 -3744500.362 3487577.023 3794693.780 
364404.91730 1365756.18400 10.500 37.981 -3740750.104 3492506.383 3793867.959 
364325.68240 1365908.85900 13.400 38.016 -3742510.998 3491683.178 3792900.373 
364248.24650 1370035.65100 14.400 38.070 -3744485.198 3490579.136 3791975.981 
364558.32370 1370232.98500 4.900 37.927 -3743899.434 3486054.789 3796665.639 
364435.51420 1370012.25000 6.100 37.975 -3742637.958 3489650.821 3794621.158 
364743.43540 1370315.11700 11.700 37.847 -3743195.225 3483971.857 3799264.839 
364250.04550 1365553.41200 15.400 38.011 -3739681.750 3495677.447 3792020.999 
364501.79900 1370056.85400 7.900 37.961 -3743038.920 3488511.876 3795271.474 
364623.16650 1370441.52500 1.500 37.910 -3745733.453 3483406.949 3797277.043 
364631.07670 1370027.35600 6.600 37.909 -3741334.408 3487923.210 3797475.412 
364423.27820 1365945.93800 6.900 37.980 -3742358.254 3490282.553 3794319.384 
364915.23990 1370126.73700 5.900 37.804 -3740120.125 3484779.169 3801527.165 
363634.56020 1371803.25200 153.300 39.571 -3767302.746 3476256.948 3782819.345 
364507.56680 1371759.62600 2.800 38.476 -3760209.871 3469834.426 3795411.190 
364042.23330 1371423.63500 21.600 38.725 -3760175.680 3477100.245 3788866.044 
364018.47530 1371512.25000 34.200 38.823 -3761323.804 3476517.719 3788286.251 
363504.47240 1370450.64300 124.800 39.029 -3755112.195 3491819.323 3780572.494 
364516.91890 1371143.78400 3.600 38.145 -3753754.845 3476563.305 3795642.453 
364148.46710 1371215.53500 5.100 38.494 -3757110.588 3478596.973 3790493.303 
364229.88560 1371156.74800 9.700 38.414 -3756236.516 3478423.157 3791519.644 
364335.40530 1371850.38300 6.400 38.717 -3762315.058 3470063.263 3793136.834 
364248.60350 1371449.17800 11.100 38.524 -3758890.662 3475048.542 3791983.102 
364207.19880 1371506.48200 14.700 38.612 -3759744.587 3475253.040 3790962.075 
363804.19490 1371141.25700 31.100 38.867 -3759576.741 3482040.859 3784963.629 
363208.22420 1371358.64100 134.800 39.896 -3766758.082 3484033.935 3776215.031 
363815.00270 1370807.07900 24.100 38.690 -3755809.151 3485803.633 3785226.685 
364109.96000 1371104.56300 9.100 38.504 -3756436.066 3480373.737 3789543.878 
364006.95340 1371032.53800 12.600 38.585 -3756748.629 3481747.461 3787988.332 
363427.47590 1372303.45300 319.000 40.522 -3774175.191 3472442.050 3779773.288 
363721.00490 1371510.10700 77.900 39.190 -3763711.581 3478797.204 3783923.299 
364228.80070 1371315.95900 7.300 38.476 -3757585.340 3476992.712 3791491.436 
364309.47750 1371314.14700 5.900 38.409 -3757003.745 3476515.812 3792495.724 
363748.00380 1370540.57600 104.500 38.671 -3753743.356 3488852.378 3784606.787 
363432.20000 1370918.71000 102.000 39.215 -3760068.448 3487326.940 3779760.153 
364347.64130 1370911.18400 2.000 38.195 -3752387.905 3480458.209 3793436.198 
364515.11990 1371349.08300 3.400 38.232 -3755890.342 3474304.855 3795597.953 
364315.95950 1371734.08300 9.100 38.652 -3761296.122 3471699.298 3792657.946 
363745.11990 1371315.95900 40.000 39.000 -3761437.879 3480557.568 3784497.158 
364508.99510 1371824.45600 2.800 38.505 -3760608.194 3469363.901 3795446.485 
364129.76290 1370828.33700 16.900 38.373 -3753536.094 3482973.985 3790037.966 
363922.32150 1370740.43700 24.300 38.556 -3754451.170 3485446.048 3786891.672 
364151.72180 1371057.69700 14.800 38.433 -3755759.295 3479979.047 3790579.507 
364251.11660 1371008.03800 14.800 38.310 -3754118.749 3480139.115 3792047.287 
364021.00220 1371213.33700 13.500 38.642 -3758260.452 3479735.979 3788336.256 
363747.27600 1371017.76100 31.700 38.828 -3758395.455 3483774.303 3784545.441 
364037.19330 1371314.53100 16.200 38.667 -3759075.450 3478419.859 3788738.183 
364111.75900 1371604.81900 23.200 38.780 -3761482.534 3474887.215 3789596.937 
364447.03610 1371346.94100 5.900 38.278 -3756236.000 3474696.984 3794905.824 
364427.23330 1371145.98100 6.300 38.227 -3754465.823 3477147.490 3794416.874 
363431.80180 1370816.08800 90.000 39.181 -3759007.799 3488466.737 3779743.124 
364529.88280 1371643.65600 4.600 38.353 -3758630.197 3470940.762 3795963.350 
363611.51640 1371524.50000 98.800 39.375 -3764904.964 3479413.123 3782216.499 
364347.28420 1371604.43500 9.100 38.497 -3759362.652 3472941.822 3793431.802 
364348.36910 1371431.43600 8.800 38.410 -3757781.505 3474622.671 3793458.374 
364039.00600 1370906.13000 13.300 38.475 -3754857.439 3482919.939 3788781.151 
363949.32040 1371349.79700 27.600 38.790 -3760323.865 3478381.835 3787561.415 
364140.55690 1371323.15600 8.500 38.562 -3758359.787 3477465.917 3790299.861 
364227.35870 1370754.11500 4.400 38.267 -3752173.111 3482867.982 3791453.941 
363914.04050 1371320.29900 28.500 38.827 -3760303.521 3479361.054 3786689.555 
364240.03420 1371546.63700 11.700 38.596 -3759974.936 3474108.827 3791771.744 
363640.31430 1370813.94500 44.400 38.879 -3757213.558 3486874.285 3782896.368 
363615.11440 1371214.76600 65.300 39.124 -3761634.403 3482811.485 3782285.411 
364422.92110 1371928.56100 5.700 38.678 -3762312.776 3468772.614 3794310.262 
363601.07940 1370947.16400 55.500 39.020 -3759324.490 3485672.385 3781932.188 
364105.27710 1371223.06000 9.600 38.572 -3757823.918 3479002.817 3789428.456 
363507.08160 1371328.20900 116.700 39.374 -3763822.386 3482349.112 3780632.455 
364456.40200 1371127.57900 4.100 38.170 -3753759.633 3477115.654 3795136.022 
364442.72400 1371229.15800 3.300 38.230 -3754982.216 3476165.806 3794797.728 
364124.36580 1371408.14500 13.000 38.633 -3759339.809 3476851.065 3789902.384 
363914.04050 1371501.81300 50.000 38.937 -3762028.177 3477521.754 3786702.456 
364312.36150 1371120.76800 19.600 38.325 -3755061.229 3478551.719 3792575.126 
364515.53190 1371510.54700 5.400 38.294 -3757257.853 3472817.163 3795609.363 
363708.39810 1371644.04100 115.800 39.354 -3765488.203 3477260.827 3783634.103 
363440.79680 1371223.39000 96.200 39.363 -3763070.123 3483848.586 3779969.596 
364058.08110 1370712.36700 30.500 38.383 -3752688.573 3484760.685 3789262.939 
364112.77530 1371310.41100 11.600 38.600 -3758522.315 3478047.380 3789615.021 
363937.79850 1370933.10200 14.000 38.595 -3756139.520 3483195.510 3787268.271 
