364031.97480 1365856.22400 38.179 32.300 -3744647.987 3494106.017 3788618.491 
364342.84850 1365754.75600 37.993 11.500 -3741023.909 3492810.493 3793323.347 
364514.73540 1365941.59800 37.947 9.200 -3741592.140 3489715.251 3795591.757 
364433.15220 1370127.23100 37.989 9.100 -3743939.898 3488321.413 3794564.616 
364517.23480 1365803.21500 37.947 9.100 -3739893.452 3491467.980 3795653.427 
364518.34720 1370128.11000 37.953 7.200 -3743343.764 3487736.179 3795679.768 
364102.07730 1370049.32900 38.194 25.300 -3746153.840 3491670.371 3789358.509 
364411.44040 1370000.71400 37.990 7.700 -3742768.386 3490163.762 3794027.437 
364740.12570 1370255.61600 37.853 20.600 -3742915.769 3484372.234 3799188.473 
364220.49220 1365458.31500 38.021 17.500 -3739146.820 3497049.387 3791291.931 
364415.05220 1370114.70700 38.002 10.100 -3743972.858 3488776.818 3794118.104 
364623.23520 1370407.68700 37.909 1.800 -3745161.192 3484020.694 3797278.918 
364850.45200 1372407.77800 38.589 9.900 -3763372.796 3460336.784 3800918.316 
364952.95040 1372445.95600 38.529 21.800 -3763170.050 3458865.173 3802467.647 
364829.50930 1365724.59800 37.875 7.700 -3736645.147 3489744.976 3800399.703 
365119.08330 1365431.61900 37.859 17.000 -3731434.278 3490741.691 3804589.253 
364947.60830 1370019.39100 37.799 5.400 -3738544.408 3485592.031 3802325.569 
365511.36170 1370131.07700 37.741 6.100 -3735374.192 3480210.422 3810309.630 
365059.18430 1365849.79700 37.801 25.500 -3736074.573 3486323.996 3804103.469 
365218.17600 1365816.78300 37.818 5.100 -3734436.792 3485914.064 3806039.515 
365134.54650 1373239.68600 39.398 124.800 -3769779.811 3449001.534 3805036.245 
365310.22370 1372540.77800 38.212 3.800 -3761392.083 3455387.135 3807322.386 
365219.93380 1372744.75800 38.561 40.400 -3764175.644 3453774.622 3806104.491 
365115.44400 1372555.44400 38.486 7.200 -3763203.450 3456557.789 3804493.983 
363804.74430 1365656.63800 38.309 53.400 -3744613.959 3498137.697 3784990.192 
363818.09270 1365847.82000 38.363 54.300 -3746320.042 3495951.748 3785320.944 
363455.39490 1365918.47200 38.802 95.800 -3749588.850 3497959.817 3780330.382 
363756.29850 1370053.61300 38.490 58.200 -3748747.019 3493941.893 3784784.244 
363721.58170 1365114.35900 38.156 87.900 -3739403.237 3504908.462 3783942.918 
364041.86250 1365150.77900 38.023 45.300 -3737307.694 3501704.914 3788870.614 
363952.97330 1365343.05900 38.080 31.600 -3739862.431 3500277.553 3787653.704 
363707.71150 1365354.86900 38.263 47.400 -3742292.084 3502149.611 3783575.665 
363230.03200 1365544.07300 38.890 113.400 -3747911.185 3503687.911 3776741.803 
363402.82530 1365820.51900 38.859 110.400 -3749320.385 3499680.090 3779037.732 
363325.62290 1365253.40100 38.596 79.900 -3744246.097 3506071.821 3778098.299 
362410.49740 1365513.86100 39.953 324.000 -3754207.961 3510604.958 3764485.032 
363021.84910 1365341.96000 39.064 164.600 -3747583.360 3507541.319 3773597.076 
363331.33580 1365150.28400 38.541 87.200 -3743100.767 3507149.657 3778244.071 
363525.38760 1365531.54900 38.499 62.300 -3745315.934 3501687.943 3781052.604 
362552.02480 1365636.25900 39.861 365.000 -3754276.547 3507858.967 3767027.826 
362721.08280 1370148.60000 40.018 638.000 -3758551.575 3501208.129 3769398.590 
364604.03660 1370810.15500 37.974 1.200 -3749513.488 3479856.486 3796804.527 
364303.55870 1370545.08100 38.155 6.200 -3749505.939 3484761.352 3792349.501 
364158.06640 1370547.00300 38.249 24.200 -3750432.989 3485557.812 3790741.827 
364517.07000 1370501.08000 37.982 1.100 -3746956.574 3483882.020 3795644.591 
364340.74740 1370321.70900 38.064 7.900 -3746581.988 3486900.624 3793269.326 
364638.03920 1370537.88500 37.899 1.300 -3746483.955 3482196.354 3797644.145 
364204.09520 1371822.91700 38.855 11.600 -3763092.858 3471708.113 3790883.662 
364142.60310 1372143.69300 39.254 38.700 -3766777.876 3468326.629 3790368.897 
363921.77220 1371849.77900 39.245 84.200 -3765785.030 3473284.100 3786914.261 
365635.50320 1373353.67900 38.686 34.000 -3766851.425 3443840.775 3812400.354 
