364108.26440 1371330.86400 11.100 38.625 -3758927.876 3477730.830 3789503.229 
364152.16280 1371219.55880 8.200 38.491 -3757130.314 3478479.115 3790586.497 
364044.43600 1371349.29600 17.600 38.687 -3759564.608 3477696.451 3788918.087 
364112.71040 1371246.74600 9.600 38.580 -3758122.938 3478478.288 3789612.210 
364115.87840 1371304.88640 11.800 38.590 -3758387.325 3478109.334 3789691.842 
364006.26160 1371314.24280 20.000 38.723 -3759490.834 3478813.980 3787975.728 
364220.24640 1371554.83880 13.400 38.640 -3760381.909 3474207.688 3791283.776 
364102.31360 1371428.91760 18.000 38.693 -3759991.105 3476750.930 3789360.287 
364315.62880 1370817.25720 2.300 38.211 -3751910.554 3481840.706 3792645.445 
364015.31200 1371458.52760 32.900 38.813 -3761134.502 3476806.762 3788207.257 
364454.04920 1371446.99320 5.900 38.312 -3757152.516 3473515.457 3795079.070 
363953.12160 1371025.54680 14.100 38.604 -3756818.246 3482048.700 3787647.234 
364446.56480 1370109.21360 12.500 37.975 -3743456.204 3488481.654 3794897.950 
364524.28560 1365957.30360 8.300 37.941 -3741728.478 3489309.703 3795827.084 
364337.66440 1365916.87200 12.700 38.009 -3742484.725 3491386.734 3793195.993 
364604.08000 1370437.87320 1.800 37.929 -3745929.874 3483713.291 3796805.931 
364205.53320 1365617.05560 19.200 38.037 -3740683.894 3495810.849 3790923.256 
365102.82240 1365742.52680 6.600 37.820 -3734877.159 3487486.061 3804181.889 
364532.67000 1372034.73520 6.600 38.641 -3762479.879 3466694.179 3796033.554 
364331.62360 1370612.43800 3.600 38.130 -3749587.598 3483910.489 3793041.373 
364149.73640 1370546.97160 30.800 38.262 -3750548.745 3485666.457 3790539.894 
364255.23120 1365514.96280 16.500 38.009 -3738960.907 3496309.818 3792149.798 
364443.22760 1371351.12480 6.300 38.287 -3756358.280 3474668.710 3794811.996 
364116.91520 1371605.32920 21.800 38.770 -3761420.547 3474812.706 3789723.553 
363550.66880 1371223.09760 71.400 39.189 -3762108.406 3482968.133 3781684.130 
363425.44600 1371228.87200 102.000 39.411 -3763373.078 3483943.317 3779593.071 
364257.76560 1371153.59920 7.900 38.368 -3755805.378 3478130.411 3792207.497 
364035.38560 1371244.11800 14.600 38.643 -3758586.000 3478995.808 3788692.521 
363633.60600 1370749.68480 55.100 38.880 -3756900.096 3487405.916 3782736.760 
364105.97840 1371112.10920 8.800 38.516 -3756617.013 3480285.981 3789445.280 
363559.63280 1370942.42240 55.200 39.020 -3759263.679 3485776.716 3781896.210 
364141.37360 1371309.92280 7.800 38.550 -3758125.217 3477696.427 3790319.622 
364353.18400 1371608.20200 8.200 38.491 -3759345.650 3472798.867 3793577.018 
364005.89080 1371335.38920 22.800 38.744 -3759854.136 3478434.709 3787968.245 
364301.10280 1371339.71640 7.500 38.442 -3757548.939 3476155.756 3792289.765 
364024.28680 1371423.39880 25.300 38.759 -3760416.498 3477330.922 3788424.582 
363937.26360 1371319.72560 25.300 38.783 -3759978.236 3479079.474 3787261.903 
364224.35040 1371304.41480 7.100 38.474 -3757450.798 3477258.596 3791381.335 
364128.95000 1371508.62200 18.000 38.684 -3760300.034 3475694.113 3790018.715 
363840.27920 1371404.58520 43.500 38.941 -3761515.435 3478983.655 3785863.606 
364035.31720 1371520.53440 29.900 38.799 -3761233.167 3476153.835 3788700.062 
364352.14720 1371732.94600 6.200 38.585 -3760785.057 3471265.974 3793550.264 
364233.54120 1371354.80760 8.800 38.501 -3758176.916 3476226.452 3791609.497 
364519.82520 1371145.30480 3.600 38.141 -3753741.143 3476499.198 3795714.230 
364252.12800 1371440.28280 10.200 38.510 -3758692.569 3475166.051 3792069.649 
364521.35520 1371507.53120 5.200 38.281 -3757128.070 3472799.070 3795753.058 
364242.69240 1371547.64600 11.300 38.592 -3759955.716 3474056.972 3791837.191 
364159.12520 1371520.25000 13.400 38.641 -3760085.031 3475102.334 3790761.775 
363511.23080 1371230.13920 88.000 39.292 -3762768.949 3483341.117 3780718.001 
364008.47560 1371017.72760 12.200 38.573 -3756477.826 3481997.923 3788025.722 
363821.44400 1370811.42160 22.900 38.680 -3755794.976 3485643.295 3785385.289 
363931.96080 1370911.15280 14.600 38.590 -3755847.965 3483668.581 3787124.271 
364126.53800 1371230.78720 8.400 38.543 -3757666.184 3478595.368 3789953.275 
364200.67680 1371306.83760 7.100 38.515 -3757811.783 3477510.722 3790796.283 
363916.86240 1371332.70360 31.000 38.834 -3760476.118 3479101.006 3786760.837 
364453.33640 1371236.21240 1.800 38.218 -3754956.583 3475903.603 3795058.955 
364057.85680 1371250.70240 11.500 38.609 -3758391.544 3478593.058 3789246.179 
364207.42320 1371259.46480 6.600 38.498 -3757595.957 3477560.339 3790962.712 
364158.87320 1371100.34080 11.800 38.423 -3755705.493 3479839.729 3790754.461 
363920.58480 1371315.60000 27.200 38.810 -3760135.084 3479364.206 3786850.608 
364452.60560 1371349.99440 5.800 38.271 -3756211.970 3474571.571 3795043.329 
363757.83520 1371308.94360 37.000 38.966 -3761146.064 3480525.006 3784809.892 
364523.84640 1371831.93920 1.800 38.486 -3760532.102 3469041.164 3795812.673 
363949.19760 1371052.10400 15.300 38.632 -3757320.241 3481614.731 3787550.939 
363932.19480 1370824.08640 16.300 38.563 -3755050.776 3484523.499 3787131.056 
363923.92920 1370939.23280 15.100 38.623 -3756430.882 3483258.038 3786925.977 
364059.30760 1371309.67440 13.100 38.622 -3758692.826 3478230.084 3789283.008 
364317.83920 1371317.39280 5.500 38.398 -3756945.091 3476351.797 3792702.087 
363630.94560 1370811.28840 46.300 38.897 -3757296.015 3487040.882 3782665.693 
364223.14800 1370949.73760 17.600 38.340 -3754189.552 3480824.123 3791357.815 
364058.60200 1371314.39400 13.500 38.628 -3758782.187 3478153.125 3789265.807 
364035.95440 1371215.60240 12.600 38.617 -3758096.124 3479507.171 3788705.374 
364203.23280 1371140.90200 7.400 38.445 -3756328.218 3479044.156 3790859.593 
364213.17240 1371517.31600 13.200 38.613 -3759845.414 3474980.042 3791108.814 
364127.85560 1371251.25320 11.000 38.558 -3757995.048 3478207.447 3789987.406 
364112.58080 1371414.64720 15.800 38.660 -3759610.425 3476881.462 3789612.759 
363706.51360 1371643.23360 115.900 39.358 -3765500.109 3477299.131 3783587.539 
363636.51120 1371801.39680 152.700 39.562 -3767244.761 3476266.178 3782867.259 
364302.48160 1371037.47000 10.500 38.311 -3754459.145 3479458.692 3792325.551 
364212.33720 1371346.12440 9.200 38.529 -3758317.617 3476650.191 3791085.731 
363949.65480 1371430.60600 33.200 38.833 -3761010.785 3477636.690 3787573.053 
363949.50000 1371412.87600 29.200 38.815 -3760711.568 3477959.710 3787566.826 
363939.55680 1371340.14840 27.100 38.799 -3760292.777 3478679.500 3787319.693 
364056.00280 1371227.19080 11.100 38.592 -3758019.811 3479044.411 3789200.097 
364244.73360 1365549.24560 16.200 38.013 -3739683.118 3495820.270 3791890.215 
364737.77000 1370312.96720 13.600 37.852 -3743236.597 3484083.176 3799126.128 
364411.38200 1370215.59040 7.900 38.017 -3745050.723 3487716.481 3794026.130 
364452.56600 1370057.66480 8.300 37.968 -3743177.446 3488613.487 3795043.665 
364440.59960 1365944.31120 6.500 37.968 -3742096.895 3490093.984 3794747.010 
364054.55920 1370113.76400 25.800 38.216 -3746669.044 3491321.229 3789172.967 
364424.80640 1365755.41480 10.400 37.971 -3740468.960 3492270.004 3794359.223 
364322.08720 1370014.73480 9.300 38.033 -3743672.038 3490530.696 3792809.102 
364520.80080 1365748.08160 8.800 37.948 -3739589.022 3491697.307 3795741.321 
364044.52240 1370151.48840 43.200 38.250 -3747452.984 3490771.432 3788935.254 
364437.19760 1370023.83920 6.200 37.975 -3742811.375 3489419.417 3794662.801 
364503.79440 1370214.12880 7.200 37.969 -3744318.250 3487083.883 3795320.345 
364410.53240 1370021.66120 7.400 37.995 -3743134.883 3489794.903 3794004.829 
364540.10040 1370209.52440 6.900 37.940 -3743750.124 3486710.843 3796216.817 
364719.46040 1370253.30760 19.600 37.868 -3743155.444 3484673.549 3798677.733 
364426.42640 1365917.59560 9.900 37.975 -3741837.933 3490758.787 3794398.944 
364434.27800 1370157.06840 8.200 37.993 -3744428.748 3487765.154 3794591.889 
364439.82560 1370125.31640 9.300 37.983 -3743817.593 3488272.378 3794729.575 
364518.68760 1370203.36480 6.400 37.956 -3743934.772 3487091.601 3795687.698 
364939.08280 1372532.87640 42.400 38.654 -3764157.685 3458193.640 3802137.897 
364902.67600 1372416.77600 14.000 38.580 -3763359.926 3460021.995 3801222.439 
365023.74800 1372552.01400 25.900 38.594 -3763860.864 3457277.030 3803229.993 
364927.83280 1372459.87160 32.700 38.613 -3763751.595 3458931.285 3801854.460 
364850.99400 1372342.65880 3.400 38.540 -3762940.136 3460784.740 3800927.768 
364804.63320 1372404.96080 12.700 38.686 -3763950.161 3460962.530 3799789.190 
365205.53440 1365843.25880 3.500 37.805 -3735054.209 3485593.337 3805726.789 
365101.22040 1365856.04240 5.500 37.799 -3736140.908 3486174.272 3804141.699 
364607.62600 1372036.51360 5.800 38.572 -3762034.950 3466224.256 3796896.275 
364450.45640 1372034.58760 8.900 38.726 -3763051.438 3467225.784 3794992.370 
364636.84720 1372258.95120 42.700 38.759 -3764052.709 3463280.524 3797640.015 
364534.26120 1372230.72720 45.900 38.841 -3764430.448 3464579.370 3796096.490 
363753.82840 1365739.93120 56.400 38.356 -3745496.641 3497490.358 3784721.987 
363905.59800 1365819.93440 44.300 38.272 -3745202.528 3495856.274 3786489.868 
363834.59840 1365722.54680 49.300 38.283 -3744649.543 3497290.198 3785726.170 
363933.04800 1370101.35840 40.600 38.328 -3747565.565 3492577.785 3787166.522 
364038.20800 1365152.39800 34.300 38.024 -3737377.846 3501715.556 3788773.696 
364035.42880 1365134.33320 46.800 38.021 -3737115.801 3502084.709 3788712.451 
363720.49600 1365336.51720 43.800 38.236 -3741806.722 3502319.924 3783889.798 
363540.94160 1365507.90680 56.600 38.452 -3744702.417 3501918.837 3781434.134 
363324.51600 1365248.53640 81.100 38.594 -3744178.944 3506174.675 3778071.605 
364224.32880 1370524.69480 15.900 38.202 -3749696.707 3485629.430 3791385.898 
364552.79760 1370855.03560 1.500 38.005 -3750422.794 3479181.770 3796527.186 
364314.50560 1370623.97600 4.300 38.157 -3750014.061 3483915.893 3792618.856 
364659.40120 1370412.21960 1.600 37.876 -3744748.890 3483483.640 3798171.736 
364211.13120 1370630.82320 8.900 38.250 -3750988.070 3484588.802 3791055.580 
364211.04840 1371817.43480 11.800 38.833 -3762906.539 3471721.362 3791055.615 
364309.63840 1372059.28000 17.400 38.973 -3764838.759 3468039.372 3792506.913 
364257.25800 1371942.65760 10.000 38.868 -3763713.546 3469588.254 3792196.509 
363959.07600 1371858.72320 64.000 39.177 -3765418.961 3472644.299 3787824.604 
364043.50360 1372017.73960 42.500 39.217 -3766134.855 3470635.627 3788910.227 
364218.32040 1371144.75040 8.900 38.424 -3756190.059 3478786.000 3791233.358 
363720.20080 1371510.83240 79.000 39.192 -3763735.324 3478794.605 3783904.064 
363805.48160 1371143.77840 30.700 38.867 -3759601.706 3481978.601 3784995.218 
364303.54000 1370958.29480 4.200 38.286 -3753780.213 3480154.993 3792347.921 
364505.69880 1371829.40840 2.300 38.518 -3760735.893 3469314.569 3795364.779 
364220.01960 1371231.30560 6.000 38.456 -3756950.485 3477915.287 3791273.637 
363439.41400 1371221.76560 96.200 39.364 -3763061.327 3483895.479 3779935.367 
363617.96400 1371246.64520 63.500 39.154 -3762133.160 3482193.520 3782354.872 
363707.63320 1371645.80760 116.200 39.359 -3765528.556 3477238.339 3783615.419 
363933.71760 1370932.96160 14.200 38.602 -3756192.343 3483249.251 3787167.482 
364847.54520 1372348.10920 4.000 38.558 -3763078.837 3460728.764 3800843.024 
365322.22880 1372507.38840 1.500 38.130 -3760667.717 3455844.377 3807616.949 
365201.54920 1372509.02280 2.400 38.298 -3761794.723 3456825.055 3805628.141 
365253.82120 1372646.38480 19.700 38.366 -3762723.966 3454404.494 3806927.587 
363740.20240 1370038.38320 62.500 38.512 -3748708.113 3494422.900 3784388.641 
364513.34520 1370838.22720 1.500 38.056 -3750672.831 3479982.436 3795552.879 
364329.11800 1370317.69400 8.500 38.076 -3746671.396 3487119.937 3792982.365 
363807.83600 1365701.73160 53.300 38.308 -3744658.726 3498006.349 3785066.609 
363641.32440 1365703.53880 66.900 38.448 -3745859.996 3499067.037 3782934.524 
363916.83720 1365643.10880 41.400 38.203 -3743408.211 3497471.153 3786766.046 
363744.64480 1365921.21360 61.200 38.445 -3747339.943 3495768.675 3784497.723 
364044.45760 1365233.20760 25.100 38.030 -3737981.219 3500892.343 3788922.709 
363956.19240 1365333.54360 29.500 38.074 -3739656.459 3500408.429 3787732.043 
363810.76640 1365111.15280 40.100 38.099 -3738660.741 3504321.696 3785131.093 
